[debug] [2021-04-13T04:06:18.623Z] ----------------------------------------------------------------------
[debug] [2021-04-13T04:06:18.625Z] Command:       /usr/local/bin/node /usr/local/bin/firebase init
[debug] [2021-04-13T04:06:18.626Z] CLI Version:   9.9.0
[debug] [2021-04-13T04:06:18.626Z] Platform:      darwin
[debug] [2021-04-13T04:06:18.626Z] Node Version:  v14.15.0
[debug] [2021-04-13T04:06:18.627Z] Time:          Tue Apr 13 2021 07:06:18 GMT+0300 (Eastern European Summer Time)
[debug] [2021-04-13T04:06:18.627Z] ----------------------------------------------------------------------
[debug] 
[debug] [2021-04-13T04:06:18.633Z] > command requires scopes: ["email","openid","https://www.googleapis.com/auth/cloudplatformprojects.readonly","https://www.googleapis.com/auth/firebase","https://www.googleapis.com/auth/cloud-platform"]
[debug] [2021-04-13T04:06:18.633Z] > authorizing via signed-in user (hi.rooookas@gmail.com)
[info] 
     ######## #### ########  ######## ########     ###     ######  ########
     ##        ##  ##     ## ##       ##     ##  ##   ##  ##       ##
     ######    ##  ########  ######   ########  #########  ######  ######
     ##        ##  ##    ##  ##       ##     ## ##     ##       ## ##
     ##       #### ##     ## ######## ########  ##     ##  ######  ########

You're about to initialize a Firebase project in this directory:

  /Users/rookasrudzianskas/Documents/React/chat-app/chat-app

[info] 
=== Project Setup
[info] 
[info] First, let's associate this project directory with a Firebase project.
[info] You can create multiple project aliases by running firebase use --add, 
[info] but for now we'll just set up a default project.
[info] 
